2025-09-03 21:05:18 | ERROR | polygon: failed TSLA (RetryError[<Future at 0x1ea8a54e1d0 state=finished raised UnicodeEncodeError>])
2025-09-03 21:05:23 | ERROR | polygon: failed AMD (RetryError[<Future at 0x1ea8a559750 state=finished raised UnicodeEncodeError>])
2025-09-03 21:05:28 | ERROR | polygon: failed NVDA (RetryError[<Future at 0x1ea8a5581d0 state=finished raised UnicodeEncodeError>])
2025-09-03 21:05:28 | WARNING | polygon returned empty dataset; falling back to stub.
2025-09-03 21:05:29 | INFO | eod snapshot saved: data\eod\eod_features_20250903.parquet , data\eod\eod_features_20250903.csv
2025-09-03 21:05:29 | INFO | ranked watchlists written (stub dataset): data\eod\watchlist_A.json , data\eod\watchlist_B.json
2025-09-03 22:29:02 | INFO | run_all bootstrap (Phase=session, Py=)
2025-09-03 22:29:02 | INFO | ws_run: using data\eod\watchlist_A.json (4 symbols) for setup=A
2025-09-03 22:29:02 | INFO | STREAM_DIR=E:\BOT_WEBULL\data\stream
2025-09-03 22:29:02 | INFO | ws lock (expected): E:\BOT_WEBULL\data\stream\.alpaca_ws.lock
2025-09-03 22:29:02 | WARNING | removed legacy ws lock: E:\data\stream\.alpaca_ws.lock
2025-09-03 22:29:03 | INFO | ws_run start: feed=iex symbols=['AAPL', 'TSLA', 'AMD', 'NVDA'] run_seconds=90 (logfile=E:\BOT_WEBULL\data\logs\bot.log)
2025-09-03 22:29:04 | INFO | alpaca auth reply: [{"T":"success","msg":"connected"}]
2025-09-03 22:29:04 | INFO | alpaca auth reply: [{"T":"success","msg":"authenticated"}]
2025-09-03 22:29:04 | INFO | alpaca subscription reply: [{"T":"subscription","bars":["AAPL","AMD","NVDA","TSLA"]}]
2025-09-03 22:39:53 | INFO | run_all bootstrap (Phase=session, Py=)
2025-09-03 22:39:54 | INFO | ws_run: using data\eod\watchlist_A.json (4 symbols) for setup=A
2025-09-03 22:39:54 | INFO | STREAM_DIR=E:\BOT_WEBULL\data\stream
2025-09-03 22:39:54 | INFO | ws lock (expected): E:\BOT_WEBULL\data\stream\.alpaca_ws.lock
2025-09-03 22:39:54 | WARNING | removed legacy ws lock: E:\data\stream\.alpaca_ws.lock
2025-09-03 22:39:54 | INFO | ws_run start: feed=iex symbols=['AAPL', 'TSLA', 'AMD', 'NVDA'] run_seconds=90 (logfile=E:\BOT_WEBULL\data\logs\bot.log)
2025-09-03 22:39:55 | INFO | alpaca auth reply: [{"T":"success","msg":"connected"}]
2025-09-03 22:39:55 | INFO | alpaca auth reply: [{"T":"success","msg":"authenticated"}]
2025-09-03 22:39:55 | INFO | alpaca subscription reply: [{"T":"subscription","bars":["AAPL","AMD","NVDA","TSLA"]}]
2025-09-03 22:48:29 | INFO | override setup: A -> B (ACTIVE_SETUP)
2025-09-03 22:48:29 | WARNING | inputs not found for today -> fallback to latest: bars_1m_20250830.parquet , indicators_20250830.parquet
2025-09-03 22:48:31 | INFO | signals inputs loaded: rows=20 symbols=4 (bars='bars_1m_20250830.parquet', ind='indicators_20250830.parquet')
2025-09-03 22:48:31 | INFO | signal: 20250903 B AAPL @ 191.97 | qty=10 | TP=201.57 SL=187.17
2025-09-03 22:48:31 | INFO | run_signals: 1 file(s) written (logfile=E:\BOT_WEBULL\data\logs\bot.log)
2025-09-03 22:48:33 | INFO | override setup: A -> B (ACTIVE_SETUP)
2025-09-03 22:48:33 | WARNING | inputs not found for today -> fallback to latest: bars_1m_20250830.parquet , indicators_20250830.parquet
2025-09-03 22:48:33 | INFO | signals inputs loaded: rows=20 symbols=4 (bars='bars_1m_20250830.parquet', ind='indicators_20250830.parquet')
2025-09-03 22:48:33 | INFO | skip duplicate signal: B AAPL
2025-09-03 22:48:33 | INFO | signal: 20250903 B AAPL @ 191.97 | qty=10 | TP=201.57 SL=187.17
2025-09-03 22:48:33 | INFO | run_signals: 0 file(s) written (logfile=E:\BOT_WEBULL\data\logs\bot.log)
2025-09-03 22:55:02 | INFO | override setup: A -> B (ACTIVE_SETUP)
2025-09-03 22:55:02 | WARNING | inputs not found for today -> fallback to latest: bars_1m_20250830.parquet , indicators_20250830.parquet
2025-09-03 22:55:02 | INFO | signals inputs loaded: rows=20 symbols=4 (bars='bars_1m_20250830.parquet', ind='indicators_20250830.parquet')
2025-09-03 22:55:02 | INFO | signal: 20250903 B AAPL @ 191.97 | qty=10 | TP=201.57 SL=187.17
2025-09-03 22:55:02 | INFO | run_signals: 1 file(s) written (logfile=E:\BOT_WEBULL\data\logs\bot.log)
2025-09-03 22:55:19 | INFO | place_orders: start (1 file[s], mode=paper)
2025-09-03 22:55:19 | INFO | PAPER ORDER B AAPL @ {'price': 191.97} | bracket: TP=201.57 SL=187.17 notes=B: AVWAP(9:30) pullback bounce (first hit in window)
2025-09-03 22:55:19 | INFO | paper execution logged: data\logs\executions.csv ; strategy entry logged: data\logs\strategy.csv
2025-09-03 22:55:19 | INFO | place_orders: done placed=1 / total=1
2025-09-03 22:55:34 | INFO | place_orders: no signals (logfile=E:\BOT_WEBULL\data\logs\bot.log)
2025-09-03 22:56:25 | INFO | override setup: A -> B (ACTIVE_SETUP)
2025-09-03 22:56:25 | WARNING | inputs not found for today -> fallback to latest: bars_1m_20250830.parquet , indicators_20250830.parquet
2025-09-03 22:56:25 | INFO | signals inputs loaded: rows=20 symbols=4 (bars='bars_1m_20250830.parquet', ind='indicators_20250830.parquet')
2025-09-03 22:56:25 | INFO | signal: 20250903 B AAPL @ 191.97 | qty=10 | TP=201.57 SL=187.17
2025-09-03 22:56:25 | INFO | run_signals: 1 file(s) written (logfile=E:\BOT_WEBULL\data\logs\bot.log)
2025-09-04 02:34:21 | WARNING | inputs not found for today -> fallback to latest: bars_1m_20250830.parquet , indicators_20250830.parquet
2025-09-04 02:34:24 | INFO | signals inputs loaded: rows=20 symbols=4 (bars='bars_1m_20250830.parquet', ind='indicators_20250830.parquet')
2025-09-04 02:34:24 | INFO | run_signals: 0 file(s) written (logfile=E:\BOT_WEBULL\data\logs\bot.log)
2025-09-04 02:35:49 | WARNING | inputs not found for today -> fallback to latest: bars_1m_20250830.parquet , indicators_20250830.parquet
2025-09-04 02:35:50 | INFO | signals inputs loaded: rows=20 symbols=4 (bars='bars_1m_20250830.parquet', ind='indicators_20250830.parquet')
2025-09-04 02:35:50 | INFO | run_signals: 0 file(s) written (logfile=E:\BOT_WEBULL\data\logs\bot.log)
2025-09-04 23:34:25 | WARNING | inputs not found for today -> fallback to latest: bars_1m_20250830.parquet , indicators_20250830.parquet
2025-09-04 23:34:29 | INFO | signals inputs loaded: rows=20 symbols=4 (bars='bars_1m_20250830.parquet', ind='indicators_20250830.parquet')
2025-09-04 23:34:29 | INFO | signal: 20250904 B AAPL @ 191.97 | qty=10 | TP=201.57 SL=187.17
2025-09-04 23:34:29 | INFO | run_signals: 1 file(s) written (logfile=E:\BOT_WEBULL\data\logs\bot.log)
2025-09-04 23:34:31 | WARNING | inputs not found for today -> fallback to latest: bars_1m_20250830.parquet , indicators_20250830.parquet
2025-09-04 23:34:31 | INFO | signals inputs loaded: rows=20 symbols=4 (bars='bars_1m_20250830.parquet', ind='indicators_20250830.parquet')
2025-09-04 23:34:31 | INFO | skip duplicate signal: B AAPL
2025-09-04 23:34:31 | INFO | signal: 20250904 B AAPL @ 191.97 | qty=10 | TP=201.57 SL=187.17
2025-09-04 23:34:31 | INFO | run_signals: 0 file(s) written (logfile=E:\BOT_WEBULL\data\logs\bot.log)
2025-09-04 23:34:41 | INFO | PAPER ORDER B AAPL @ {'price': 191.97} | bracket: TP=201.57 SL=187.17 notes=B: AVWAP(9:30) pullback bounce (first hit in window)
2025-09-04 23:34:41 | INFO | paper execution logged: data\logs\executions.csv ; strategy entry logged: data\logs\strategy.csv
2025-09-04 23:34:41 | INFO | place_orders: done placed=1 / total=1
2025-09-05 00:07:07 | INFO | smoke test
2025-09-05 01:41:00 | INFO | place_orders: start (1 file[s], mode=paper)
2025-09-05 01:41:00 | INFO | PAPER ORDER B TSLA @ {'price': 1.23} | bracket: TP=1.3 SL=1.1 notes=cancel-hook test
2025-09-05 01:41:00 | INFO | paper execution logged: data\logs\executions.csv ; strategy entry logged: data\logs\strategy.csv
2025-09-05 01:41:00 | INFO | place_orders: done placed=1 / total=1
2025-09-05 01:51:11 | INFO | place_orders: start (1 file[s], mode=paper)
2025-09-05 01:51:11 | INFO | PAPER ORDER B TSLA @ {'price': 1.23} | bracket: TP=1.3 SL=1.1 notes=cancel-hook test (extreme price)
2025-09-05 01:51:11 | INFO | paper execution logged: data\logs\executions.csv ; strategy entry logged: data\logs\strategy.csv
2025-09-05 01:51:11 | INFO | place_orders: done placed=1 / total=1
2025-09-05 02:03:02 | INFO | log smoke
2025-09-05 02:13:46 | INFO | cancelled (paper): AAPL
2025-09-05 02:13:46 | INFO | cancel_unfilled: 1 件を取消（logfile=E:\BOT_WEBULL\data\logs\bot.log）
2025-09-05 02:29:53 | INFO | place_orders: start (1 file[s], mode=paper)
2025-09-05 02:29:53 | INFO | PAPER ORDER B TSLA @ {'price': 1.23} | bracket: TP=1.3 SL=1.1 notes=cancel-hook final test (extreme price)
2025-09-05 02:29:53 | INFO | paper execution logged: data\logs\executions.csv ; strategy entry logged: data\logs\strategy.csv
2025-09-05 02:29:53 | INFO | place_orders: done placed=1 / total=1
2025-09-05 02:39:23 | INFO | cancel_unfilled: 対象なし（logfile=E:\BOT_WEBULL\data\logs\bot.log）
2025-09-05 02:45:43 | INFO | run_all bootstrap (Phase=close, Py=)
2025-09-05 02:45:43 | INFO | close_positions: 時刻前のため何もしません（現在ET: 13:45:43 / 既定: 15:55:00）
2025-09-05 02:48:41 | INFO | close_positions: 時刻前のため何もしません（現在ET: 13:48:41 / 既定: 15:55:00）
2025-09-05 02:52:32 | INFO | close_positions: 時刻前のため何もしません（現在ET: 13:52:32 / 既定: 15:55:00）
2025-09-05 04:55:02 | INFO | run_all bootstrap (Phase=close, Py=)
2025-09-05 04:55:02 | INFO | force close (paper): no live positions; this is the hook for Webull SDK
2025-09-05 04:55:02 | INFO | close_positions: 強制クローズ処理完了（logfile=E:\BOT_WEBULL\data\logs\bot.log）
2025-09-05 05:10:01 | INFO | run_all bootstrap (Phase=kpi, Py=)
2025-09-05 05:10:04 | INFO | daily_kpi: 20250904 のKPIを更新しました（logfile=E:\BOT_WEBULL\data\logs\bot.log）
2025-09-05 05:10:04 | INFO | daily_kpi: output => data\logs\kpi_daily.csv
2025-09-05 21:05:02 | INFO | run_all bootstrap (Phase=nightly, Py=)
2025-09-05 21:05:06 | INFO | nightly_screen: start (logfile=E:\BOT_WEBULL\data\logs\bot.log)
2025-09-05 21:05:13 | ERROR | polygon: failed AAPL (RetryError[<Future at 0x13dfa538d90 state=finished raised UnicodeEncodeError>])
2025-09-05 21:05:20 | ERROR | polygon: failed TSLA (RetryError[<Future at 0x13dfa53bf90 state=finished raised UnicodeEncodeError>])
2025-09-05 21:05:25 | ERROR | polygon: failed AMD (RetryError[<Future at 0x13dfa512510 state=finished raised UnicodeEncodeError>])
2025-09-05 21:05:30 | ERROR | polygon: failed NVDA (RetryError[<Future at 0x13dfa512850 state=finished raised UnicodeEncodeError>])
2025-09-05 21:05:30 | WARNING | polygon returned empty dataset; falling back to stub.
2025-09-05 21:05:30 | INFO | eod snapshot saved: data\eod\eod_features_20250905.parquet , data\eod\eod_features_20250905.csv
2025-09-05 21:05:30 | INFO | ranked watchlists written (stub dataset): data\eod\watchlist_A.json , data\eod\watchlist_B.json
2025-09-05 22:29:02 | INFO | run_all bootstrap (Phase=session, Py=)
2025-09-05 22:29:02 | INFO | ws_run: using data\eod\watchlist_A.json (4 symbols) for setup=A
2025-09-05 22:29:02 | INFO | STREAM_DIR=E:\BOT_WEBULL\data\stream
2025-09-05 22:29:02 | INFO | ws lock (expected): E:\BOT_WEBULL\data\stream\.alpaca_ws.lock
2025-09-05 22:29:02 | WARNING | removed legacy ws lock: E:\data\stream\.alpaca_ws.lock
2025-09-05 22:29:03 | INFO | ws_run start: feed=iex symbols=['AAPL', 'TSLA', 'AMD', 'NVDA'] run_seconds=90 (logfile=E:\BOT_WEBULL\data\logs\bot.log)
2025-09-05 22:29:04 | INFO | alpaca auth reply: [{"T":"success","msg":"connected"}]
2025-09-05 22:29:04 | INFO | alpaca auth reply: [{"T":"success","msg":"authenticated"}]
2025-09-05 22:29:05 | INFO | alpaca subscription reply: [{"T":"subscription","bars":["AAPL","AMD","NVDA","TSLA"]}]
2025-09-06 01:47:12 | INFO | close_positions: 時刻前のため何もしません（現在ET: 12:47:12 / 既定: 15:55:00）
2025-09-06 02:17:36 | INFO | force-cancelled (paper): TSLA
2025-09-06 02:17:36 | INFO | force-cancelled (paper): TSLA
2025-09-06 02:17:36 | INFO | force-cancelled (paper): TSLA
2025-09-06 02:17:36 | INFO | force close (paper): no live positions; this is the hook for Webull SDK
2025-09-06 02:17:36 | INFO | close_positions: 強制クローズ処理完了（logfile=E:\BOT_WEBULL\data\logs\bot.log）
2025-09-06 02:23:15 | INFO | force close (paper): no live positions; this is the hook for Webull SDK
2025-09-06 02:23:15 | INFO | close_positions: 強制クローズ処理完了（logfile=E:\BOT_WEBULL\data\logs\bot.log）
2025-09-06 04:55:03 | INFO | run_all bootstrap (Phase=close, Py=)
2025-09-06 04:55:03 | INFO | force close (paper): no live positions; this is the hook for Webull SDK
2025-09-06 04:55:03 | INFO | close_positions: 強制クローズ処理完了（logfile=E:\BOT_WEBULL\data\logs\bot.log）
2025-09-06 05:10:01 | INFO | run_all bootstrap (Phase=kpi, Py=)
2025-09-06 05:10:04 | INFO | daily_kpi: 20250905 のKPIを更新しました（logfile=E:\BOT_WEBULL\data\logs\bot.log）
2025-09-06 05:10:04 | INFO | daily_kpi: output => data\logs\kpi_daily.csv
2025-09-06 21:05:02 | INFO | run_all bootstrap (Phase=nightly, Py=)
2025-09-06 21:05:06 | INFO | nightly_screen: start (logfile=E:\BOT_WEBULL\data\logs\bot.log)
2025-09-06 21:05:11 | ERROR | polygon: failed AAPL (RetryError[<Future at 0x22c4aae4d50 state=finished raised UnicodeEncodeError>])
2025-09-06 21:05:16 | ERROR | polygon: failed TSLA (RetryError[<Future at 0x22c4aae6810 state=finished raised UnicodeEncodeError>])
2025-09-06 21:05:22 | ERROR | polygon: failed AMD (RetryError[<Future at 0x22c4aaece10 state=finished raised UnicodeEncodeError>])
2025-09-06 21:05:27 | ERROR | polygon: failed NVDA (RetryError[<Future at 0x22c4aae6ed0 state=finished raised UnicodeEncodeError>])
2025-09-06 21:05:27 | WARNING | polygon returned empty dataset; falling back to stub.
2025-09-06 21:05:27 | INFO | eod snapshot saved: data\eod\eod_features_20250906.parquet , data\eod\eod_features_20250906.csv
2025-09-06 21:05:27 | INFO | ranked watchlists written (stub dataset): data\eod\watchlist_A.json , data\eod\watchlist_B.json
2025-09-06 22:29:02 | INFO | run_all bootstrap (Phase=session, Py=)
2025-09-06 22:29:02 | INFO | ws_run: using data\eod\watchlist_A.json (4 symbols) for setup=A
2025-09-06 22:29:02 | INFO | STREAM_DIR=E:\BOT_WEBULL\data\stream
2025-09-06 22:29:02 | INFO | ws lock (expected): E:\BOT_WEBULL\data\stream\.alpaca_ws.lock
2025-09-06 22:29:03 | INFO | ws_run start: feed=iex symbols=['AAPL', 'TSLA', 'AMD', 'NVDA'] run_seconds=90 (logfile=E:\BOT_WEBULL\data\logs\bot.log)
2025-09-06 22:29:04 | INFO | alpaca auth reply: [{"T":"success","msg":"connected"}]
2025-09-06 22:29:05 | INFO | alpaca auth reply: [{"T":"success","msg":"authenticated"}]
2025-09-06 22:29:05 | INFO | alpaca subscription reply: [{"T":"subscription","bars":["AAPL","AMD","NVDA","TSLA"]}]
2025-09-07 03:10:00 | INFO | nightly_screen: start (logfile=E:\BOT_WEBULL\data\logs\bot.log)
2025-09-07 03:10:06 | ERROR | polygon: failed AAPL (RetryError[<Future at 0x177d7db4610 state=finished raised UnicodeEncodeError>])
2025-09-07 03:10:11 | ERROR | polygon: failed TSLA (RetryError[<Future at 0x177d7db5f50 state=finished raised UnicodeEncodeError>])
2025-09-07 03:10:16 | ERROR | polygon: failed AMD (RetryError[<Future at 0x177d7db7110 state=finished raised UnicodeEncodeError>])
2025-09-07 03:10:21 | ERROR | polygon: failed NVDA (RetryError[<Future at 0x177d7dbd390 state=finished raised UnicodeEncodeError>])
2025-09-07 03:10:21 | WARNING | polygon returned empty dataset; falling back to stub.
2025-09-07 03:10:21 | INFO | eod snapshot saved (stub dataset): data\eod\eod_features_20250906.parquet , data\eod\eod_features_20250906.csv
2025-09-07 03:10:21 | INFO | ranked watchlists written (stub dataset): data\eod\watchlist_A.json , data\eod\watchlist_B.json
2025-09-08 04:13:01 | INFO | nightly_screen: start (logfile=E:\BOT_WEBULL\data\logs\bot.log)
2025-09-08 04:13:01 | INFO | eod config: group=quick_test | symbols_file=configs/symbols.yml | out_dir=data\eod | top_n=20
2025-09-08 04:13:07 | ERROR | polygon: failed AAPL (RetryError[<Future at 0x1ddee6540d0 state=finished raised UnicodeEncodeError>])
2025-09-08 04:13:12 | ERROR | polygon: failed TSLA (RetryError[<Future at 0x1ddee656a10 state=finished raised UnicodeEncodeError>])
2025-09-08 04:13:17 | ERROR | polygon: failed AMD (RetryError[<Future at 0x1ddee657310 state=finished raised UnicodeEncodeError>])
2025-09-08 04:13:22 | ERROR | polygon: failed NVDA (RetryError[<Future at 0x1ddee65d510 state=finished raised UnicodeEncodeError>])
2025-09-08 04:13:22 | WARNING | polygon returned empty dataset; falling back to stub.
2025-09-08 04:13:22 | INFO | eod snapshot saved (stub dataset): data\eod\eod_features_20250907.parquet , data\eod\eod_features_20250907.csv
2025-09-08 04:13:22 | INFO | ranked watchlists written (stub dataset): data\eod\watchlist_A.json , data\eod\watchlist_B.json | group=quick_test | top_n=20 | A=4 B=4
2025-09-08 04:34:08 | INFO | ws_run: using data\eod\watchlist_A.json (4 symbols) for setup=A
2025-09-08 04:34:08 | INFO | STREAM_DIR=E:\BOT_WEBULL\data\stream
2025-09-08 04:34:08 | INFO | ws lock (expected): E:\BOT_WEBULL\data\stream\.alpaca_ws.lock
2025-09-08 04:34:08 | WARNING | removed legacy ws lock: E:\data\stream\.alpaca_ws.lock
2025-09-08 04:34:08 | INFO | ws_run start: feed=iex symbols=['AAPL', 'TSLA', 'AMD', 'NVDA'] run_seconds=90 (logfile=E:\BOT_WEBULL\data\logs\bot.log)
2025-09-08 04:34:09 | INFO | alpaca auth reply: [{"T":"success","msg":"connected"}]
2025-09-08 04:34:09 | INFO | alpaca auth reply: [{"T":"error","code":406,"msg":"connection limit exceeded"}]
2025-09-08 04:34:09 | ERROR | alpaca auth error: {'T': 'error', 'code': 406, 'msg': 'connection limit exceeded'}
2025-09-08 04:34:09 | INFO | ws cancelled after 90 seconds
2025-09-08 05:12:42 | INFO | ws_run: using data\eod\watchlist_A.json (4 symbols) for setup=A
2025-09-08 05:12:42 | INFO | STREAM_DIR=E:\BOT_WEBULL\data\stream
2025-09-08 05:12:42 | INFO | ws lock (expected): E:\BOT_WEBULL\data\stream\.alpaca_ws.lock
2025-09-08 05:12:42 | INFO | ws_run start: feed=iex symbols=['AAPL', 'TSLA', 'AMD', 'NVDA'] run_seconds=90 (logfile=E:\BOT_WEBULL\data\logs\bot.log)
2025-09-08 05:12:43 | INFO | alpaca auth reply: [{"T":"success","msg":"connected"}]
2025-09-08 05:12:44 | INFO | alpaca auth reply: [{"T":"error","code":406,"msg":"connection limit exceeded"}]
2025-09-08 05:12:44 | ERROR | alpaca auth error: {'T': 'error', 'code': 406, 'msg': 'connection limit exceeded'}
2025-09-08 05:12:44 | INFO | ws cancelled after 90 seconds
2025-09-08 05:35:19 | INFO | ws_run: using data\eod\watchlist_A.json (4 symbols) for setup=A
2025-09-08 05:35:19 | INFO | STREAM_DIR=E:\BOT_WEBULL\data\stream
2025-09-08 05:35:19 | INFO | ws lock (expected): E:\BOT_WEBULL\data\stream\.alpaca_ws.lock
2025-09-08 05:35:19 | INFO | ws_run start: feed=iex symbols=['AAPL', 'TSLA', 'AMD', 'NVDA'] run_seconds=90 (logfile=E:\BOT_WEBULL\data\logs\bot.log)
2025-09-08 05:35:20 | INFO | alpaca auth reply: [{"T":"success","msg":"connected"}]
2025-09-08 05:35:20 | INFO | alpaca auth reply: [{"T":"success","msg":"authenticated"}]
2025-09-08 05:35:21 | INFO | alpaca subscription reply: [{"T":"subscription","bars":["AAPL","AMD","NVDA","TSLA"]}]
2025-09-08 05:55:33 | INFO | compute_indicators: start (logfile=E:\BOT_WEBULL\data\logs\bot.log)
2025-09-08 05:55:33 | WARNING | bars ndjson not found: E:\BOT_WEBULL\data\stream\bars_20250907.ndjson
2025-09-08 05:55:33 | WARNING | no bars to compute (searched: data\stream, E:\BOT_WEBULL\data\stream)
2025-09-08 05:55:33 | INFO | bars loaded: rows=0 symbols=0
2025-09-08 06:01:29 | INFO | compute_indicators: start (logfile=E:\BOT_WEBULL\data\logs\bot.log)
2025-09-08 06:01:29 | WARNING | bars ndjson not found: E:\BOT_WEBULL\data\stream\bars_20250907.ndjson
2025-09-08 06:01:29 | WARNING | no bars to compute (searched: data\stream, E:\BOT_WEBULL\data\stream)
2025-09-08 06:01:29 | INFO | bars loaded: rows=0 symbols=0
2025-09-08 06:01:38 | INFO | compute_indicators: start (logfile=E:\BOT_WEBULL\data\logs\bot.log)
2025-09-08 06:01:38 | WARNING | bars ndjson not found: E:\BOT_WEBULL\data\stream\bars_20250907.ndjson
2025-09-08 06:01:38 | WARNING | no bars to compute (searched: data\stream, E:\BOT_WEBULL\data\stream)
2025-09-08 06:01:38 | INFO | bars loaded: rows=0 symbols=0
2025-09-08 06:06:58 | INFO | compute_indicators: start (logfile=E:\BOT_WEBULL\data\logs\bot.log)
2025-09-08 06:06:58 | WARNING | bars ndjson not found: E:\data\stream\bars_20250907.ndjson -> fallback to latest: E:\data\stream\bars_20250905.ndjson
2025-09-08 06:06:58 | INFO | reading bars ndjson: E:\data\stream\bars_20250905.ndjson
2025-09-08 06:06:58 | INFO | bars loaded: rows=1295 symbols=4
2025-09-08 06:06:58 | INFO | indicators saved: data\bars\bars_1m_20250905.parquet , data\bars\indicators_20250905.parquet
2025-09-08 06:10:03 | WARNING | inputs not found for today -> fallback to latest: bars_1m_20250905.parquet , indicators_20250905.parquet
2025-09-08 06:10:06 | INFO | signals inputs loaded: rows=1295 symbols=4 (bars='bars_1m_20250905.parquet', ind='indicators_20250905.parquet')
2025-09-08 06:10:06 | INFO | signal: 20250907 A AAPL @ 241.79 | qty=8 | TP=253.88 SL=235.75
2025-09-08 06:10:06 | INFO | signal: 20250907 A NVDA @ 169.01 | qty=11 | TP=177.46 SL=164.78
2025-09-08 06:10:06 | INFO | signal: 20250907 A TSLA @ 354.77 | qty=5 | TP=372.51 SL=345.9
2025-09-08 06:10:06 | INFO | run_signals: 3 file(s) written (logfile=E:\BOT_WEBULL\data\logs\bot.log)
2025-09-08 06:12:27 | INFO | place_orders: start (3 file[s], mode=paper)
2025-09-08 06:12:27 | INFO | PAPER ORDER A NVDA @ {'stop': 168.5, 'limit': 169.01, 'price': 169.01} | bracket: TP=177.46 SL=164.78 notes=A: ORB breakout + VWAP above (first hit in window)
2025-09-08 06:12:27 | INFO | paper execution logged: data\logs\executions.csv ; strategy entry logged: data\logs\strategy.csv
2025-09-08 06:12:27 | INFO | PAPER ORDER A TSLA @ {'stop': 353.71, 'limit': 354.77, 'price': 354.77} | bracket: TP=372.51 SL=345.9 notes=A: ORB breakout + VWAP above (first hit in window)
2025-09-08 06:12:27 | INFO | paper execution logged: data\logs\executions.csv ; strategy entry logged: data\logs\strategy.csv
2025-09-08 06:12:27 | INFO | PAPER ORDER A AAPL @ {'stop': 241.07, 'limit': 241.79, 'price': 241.79} | bracket: TP=253.88 SL=235.75 notes=A: ORB breakout + VWAP above (first hit in window)
2025-09-08 06:12:27 | INFO | paper execution logged: data\logs\executions.csv ; strategy entry logged: data\logs\strategy.csv
2025-09-08 06:12:27 | INFO | place_orders: done placed=3 / total=3
2025-09-08 06:16:47 | INFO | cancelled (paper): NVDA
2025-09-08 06:16:47 | INFO | cancelled (paper): TSLA
2025-09-08 06:16:47 | INFO | cancelled (paper): AAPL
2025-09-08 06:16:47 | INFO | cancel_unfilled: 3 件を取消（logfile=E:\BOT_WEBULL\data\logs\bot.log）
2025-09-08 06:25:23 | INFO | force close (paper): no live positions; this is the hook for Webull SDK
2025-09-08 06:25:23 | INFO | close_positions: 強制クローズ処理完了（logfile=E:\BOT_WEBULL\data\logs\bot.log）
2025-09-08 06:39:11 | INFO | daily_kpi: 20250907 のKPIを更新しました（logfile=E:\BOT_WEBULL\data\logs\bot.log）
2025-09-08 06:39:11 | INFO | daily_kpi: output => data\logs\kpi_daily.csv
