2025-09-09 16:25:39 | INFO | nightly_screen: start (logfile=E:\BOT_WEBULL\data\logs\bot.log)
2025-09-09 16:25:39 | INFO | eod config: group=quick_test | symbols_file=configs/symbols.yml | out_dir=data\eod | top_n=20
2025-09-09 16:25:44 | ERROR | polygon: failed AAPL (RetryError[<Future at 0x1fad8f785d0 state=finished raised UnicodeEncodeError>])
2025-09-09 16:25:49 | ERROR | polygon: failed TSLA (RetryError[<Future at 0x1fad8f7b910 state=finished raised UnicodeEncodeError>])
2025-09-09 16:25:54 | ERROR | polygon: failed AMD (RetryError[<Future at 0x1fad8f7b090 state=finished raised UnicodeEncodeError>])
2025-09-09 16:25:58 | ERROR | polygon: failed NVDA (RetryError[<Future at 0x1fad8f812d0 state=finished raised UnicodeEncodeError>])
2025-09-09 16:25:58 | WARNING | polygon returned empty dataset; falling back to stub.
2025-09-09 16:25:59 | INFO | eod snapshot saved (stub dataset): data\eod\eod_features_20250909.parquet , data\eod\eod_features_20250909.csv
2025-09-09 16:25:59 | INFO | ranked watchlists written (stub dataset): data\eod\watchlist_A.json , data\eod\watchlist_B.json | group=quick_test | top_n=20 | A=4 B=4
2025-09-09 16:37:07 | INFO | nightly_screen: start (logfile=E:\BOT_WEBULL\data\logs\bot.log)
2025-09-09 16:37:07 | INFO | eod config: group=quick_test | symbols_file=configs/symbols.yml | out_dir=data\eod | top_n=30
2025-09-09 16:37:12 | ERROR | polygon: failed AAPL (RetryError[<Future at 0x297fc849290 state=finished raised UnicodeEncodeError>])
2025-09-09 16:37:17 | ERROR | polygon: failed TSLA (RetryError[<Future at 0x297fc84b590 state=finished raised UnicodeEncodeError>])
2025-09-09 16:37:22 | ERROR | polygon: failed AMD (RetryError[<Future at 0x297fc84a8d0 state=finished raised UnicodeEncodeError>])
2025-09-09 16:37:27 | ERROR | polygon: failed NVDA (RetryError[<Future at 0x297fc850650 state=finished raised UnicodeEncodeError>])
2025-09-09 16:37:27 | WARNING | polygon returned empty dataset; falling back to stub.
2025-09-09 16:37:27 | INFO | eod snapshot saved (stub dataset): data\eod\eod_features_20250909.parquet , data\eod\eod_features_20250909.csv
2025-09-09 16:37:27 | INFO | ranked watchlists written (stub dataset): data\eod\watchlist_A.json , data\eod\watchlist_B.json | group=quick_test | top_n=30 | A=4 B=4
2025-09-09 16:37:29 | INFO | compute_indicators: start (logfile=E:\BOT_WEBULL\data\logs\bot.log)
2025-09-09 16:37:29 | WARNING | bars ndjson not found: E:\data\stream\bars_20250909.ndjson -> fallback to latest: E:\data\stream\bars_20250905.ndjson
2025-09-09 16:37:29 | INFO | reading bars ndjson: E:\data\stream\bars_20250905.ndjson
2025-09-09 16:37:29 | INFO | bars loaded: rows=1295 symbols=4
2025-09-09 16:37:29 | INFO | indicators saved: data\bars\bars_1m_20250905.parquet , data\bars\indicators_20250905.parquet
2025-09-09 16:37:30 | WARNING | inputs not found for today -> fallback to latest: bars_1m_20250905.parquet , indicators_20250905.parquet
2025-09-09 16:37:33 | INFO | signals inputs loaded: rows=1295 symbols=4 (bars='bars_1m_20250905.parquet', ind='indicators_20250905.parquet')
2025-09-09 16:37:33 | INFO | signal: 20250909 A AAPL @ 241.79 | qty=8 | TP=253.88 SL=235.75
2025-09-09 16:37:33 | INFO | signal: 20250909 A NVDA @ 169.01 | qty=11 | TP=177.46 SL=164.78
2025-09-09 16:37:33 | INFO | signal: 20250909 A TSLA @ 354.77 | qty=5 | TP=372.51 SL=345.9
2025-09-09 16:37:33 | INFO | run_signals: 3 file(s) written (logfile=E:\BOT_WEBULL\data\logs\bot.log)
2025-09-09 17:17:27 | INFO | nightly_screen: start (logfile=E:\BOT_WEBULL\data\logs\bot.log)
2025-09-09 17:17:27 | INFO | eod config: group=quick_test | symbols_file=configs/symbols.yml | out_dir=data\eod | top_n=30
2025-09-09 17:17:32 | ERROR | polygon: failed AAPL (RetryError[<Future at 0x21bd0388690 state=finished raised UnicodeEncodeError>])
2025-09-09 17:17:37 | ERROR | polygon: failed TSLA (RetryError[<Future at 0x21bd038a0d0 state=finished raised UnicodeEncodeError>])
2025-09-09 17:17:42 | ERROR | polygon: failed AMD (RetryError[<Future at 0x21bd0377cd0 state=finished raised UnicodeEncodeError>])
2025-09-09 17:17:47 | ERROR | polygon: failed NVDA (RetryError[<Future at 0x21bd0392290 state=finished raised UnicodeEncodeError>])
2025-09-09 17:17:47 | WARNING | polygon returned empty dataset; falling back to stub.
2025-09-09 17:17:47 | INFO | eod snapshot saved (stub dataset): data\eod\eod_features_20250909.parquet , data\eod\eod_features_20250909.csv
2025-09-09 17:17:47 | INFO | ranked watchlists written (stub dataset): data\eod\watchlist_A.json , data\eod\watchlist_B.json | group=quick_test | top_n=30 | A=4 B=4
2025-09-10 00:30:09 | WARNING | ws_run: manual watchlist not found: E:\BOT_WEBULL\configs\manual_watchlist.txt
2025-09-10 00:30:09 | INFO | ws_run: using data\eod\watchlist_A.json (4 symbols) for setup=A
2025-09-10 00:30:09 | INFO | ws_run: using symbols decided by _load_session_symbols (4 symbols)
2025-09-10 00:30:09 | INFO | STREAM_DIR=E:\data\stream
2025-09-10 00:30:09 | INFO | ws lock (expected): E:\data\stream\.alpaca_ws.lock
2025-09-10 00:30:12 | INFO | ws_run start: feed=iex symbols=['AAPL', 'TSLA', 'AMD', 'NVDA'] run_seconds=120 (logfile=E:\BOT_WEBULL\data\logs\bot.log)
2025-09-10 00:30:13 | INFO | alpaca auth reply: [{"T":"success","msg":"connected"}]
2025-09-10 00:30:13 | INFO | alpaca auth reply: [{"T":"success","msg":"authenticated"}]
2025-09-10 00:30:13 | INFO | alpaca subscription reply: [{"T":"subscription","bars":["AAPL","AMD","NVDA","TSLA"]}]
