2025-08-24 05:02:58 | INFO | hello from logutil
2025-08-24 06:17:06 | INFO | nightly_screen: start (logfile=E:\BOT_WEBULL\data\logs\bot.log)
2025-08-24 06:17:06 | INFO | temporary stub written (Polygon integration TBD): data\eod\watchlist_A.json , data\eod\watchlist_B.json
2025-08-24 06:37:40 | INFO | nightly_screen: start (logfile=E:\BOT_WEBULL\data\logs\bot.log)
2025-08-24 06:37:40 | INFO | temporary ranked watchlists written (Polygon integration TBD): data\eod\watchlist_A.json , data\eod\watchlist_B.json
2025-08-24 07:58:54 | INFO | ws_run start: feed=iex symbols=['AAPL', 'TSLA', 'AMD', 'NVDA'] (logfile=E:\BOT_WEBULL\data\logs\bot.log)
2025-08-24 07:58:55 | INFO | alpaca auth reply: [{"T":"success","msg":"connected"}]
2025-08-24 07:58:55 | INFO | alpaca subscribe reply: [{"T":"error","code":402,"msg":"auth failed"}]
2025-08-24 07:58:55 | INFO | alpaca control: {'T': 'error', 'code': 401, 'msg': 'not authenticated'}
2025-08-24 07:59:04 | INFO | ws cancelled after 10 seconds
2025-08-24 08:05:14 | INFO | ws_run start: feed=iex symbols=['AAPL', 'TSLA', 'AMD', 'NVDA'] (logfile=E:\BOT_WEBULL\data\logs\bot.log)
2025-08-24 08:05:15 | INFO | alpaca auth reply: [{"T":"success","msg":"connected"}]
2025-08-24 08:05:15 | INFO | alpaca auth reply: [{"T":"error","code":402,"msg":"auth failed"}]
2025-08-24 08:05:15 | ERROR | alpaca auth error: {'T': 'error', 'code': 402, 'msg': 'auth failed'}
2025-08-24 08:06:52 | INFO | ws_run start: feed=iex symbols=['AAPL', 'TSLA', 'AMD', 'NVDA'] (logfile=E:\BOT_WEBULL\data\logs\bot.log)
2025-08-24 08:06:53 | INFO | alpaca auth reply: [{"T":"success","msg":"connected"}]
2025-08-24 08:06:54 | INFO | alpaca auth reply: [{"T":"success","msg":"authenticated"}]
2025-08-24 08:06:54 | INFO | alpaca subscription reply: [{"T":"subscription","bars":["AAPL","AMD","NVDA","TSLA"]}]
2025-08-24 08:07:03 | INFO | ws cancelled after 10 seconds
2025-08-24 08:12:47 | INFO | compute_indicators: start (logfile=E:\BOT_WEBULL\data\logs\bot.log)
2025-08-24 08:12:47 | WARNING | bars ndjson not found: data\stream\bars_20250823.ndjson
2025-08-24 08:12:47 | WARNING | no bars to compute (data\stream\bars_20250823.ndjson). Is it outside regular hours?
2025-08-24 08:24:49 | INFO | stub bars written: 4 symbols x 10 minutes (logfile=E:\BOT_WEBULL\data\logs\bot.log)
2025-08-24 08:24:56 | INFO | compute_indicators: start (logfile=E:\BOT_WEBULL\data\logs\bot.log)
2025-08-24 08:24:57 | INFO | indicators saved: data\bars\bars_1m_20250823.parquet , data\bars\indicators_20250823.parquet
2025-08-24 08:32:06 | INFO | stub bars written: 4 symbols x 10 minutes (logfile=E:\BOT_WEBULL\data\logs\bot.log)
2025-08-24 08:32:08 | INFO | compute_indicators: start (logfile=E:\BOT_WEBULL\data\logs\bot.log)
2025-08-24 08:32:08 | INFO | indicators saved: data\bars\bars_1m_20250823.parquet , data\bars\indicators_20250823.parquet
2025-08-24 08:32:16 | INFO | run_signals: 0 file(s) written (logfile=E:\BOT_WEBULL\data\logs\bot.log)
2025-08-24 08:37:57 | INFO | place_orders: no signals (logfile=E:\BOT_WEBULL\data\logs\bot.log)
2025-08-24 08:50:27 | INFO | cancel_unfilled: 対象なし（logfile=E:\BOT_WEBULL\data\logs\bot.log）
