2025-09-09 00:28:38 | INFO | nightly_screen: start (logfile=E:\BOT_WEBULL\data\logs\bot.log)
2025-09-09 00:28:38 | INFO | eod config: group=quick_test | symbols_file=configs/symbols.yml | out_dir=data\eod | top_n=20
2025-09-09 00:28:43 | ERROR | polygon: failed AAPL (RetryError[<Future at 0x1e9b49646d0 state=finished raised UnicodeEncodeError>])
2025-09-09 00:28:48 | ERROR | polygon: failed TSLA (RetryError[<Future at 0x1e9b45c5710 state=finished raised UnicodeEncodeError>])
2025-09-09 00:28:53 | ERROR | polygon: failed AMD (RetryError[<Future at 0x1e9b4967490 state=finished raised UnicodeEncodeError>])
2025-09-09 00:28:58 | ERROR | polygon: failed NVDA (RetryError[<Future at 0x1e9b496c390 state=finished raised UnicodeEncodeError>])
2025-09-09 00:28:58 | WARNING | polygon returned empty dataset; falling back to stub.
2025-09-09 00:28:58 | INFO | eod snapshot saved (stub dataset): data\eod\eod_features_20250908.parquet , data\eod\eod_features_20250908.csv
2025-09-09 00:28:58 | INFO | ranked watchlists written (stub dataset): data\eod\watchlist_A.json , data\eod\watchlist_B.json | group=quick_test | top_n=20 | A=4 B=4
2025-09-09 00:29:00 | INFO | compute_indicators: start (logfile=E:\BOT_WEBULL\data\logs\bot.log)
2025-09-09 00:29:00 | WARNING | bars ndjson not found: E:\data\stream\bars_20250908.ndjson -> fallback to latest: E:\data\stream\bars_20250905.ndjson
2025-09-09 00:29:00 | INFO | reading bars ndjson: E:\data\stream\bars_20250905.ndjson
2025-09-09 00:29:00 | INFO | bars loaded: rows=1295 symbols=4
2025-09-09 00:29:00 | INFO | indicators saved: data\bars\bars_1m_20250905.parquet , data\bars\indicators_20250905.parquet
2025-09-09 00:29:01 | WARNING | inputs not found for today -> fallback to latest: bars_1m_20250905.parquet , indicators_20250905.parquet
2025-09-09 00:29:04 | INFO | signals inputs loaded: rows=1295 symbols=4 (bars='bars_1m_20250905.parquet', ind='indicators_20250905.parquet')
2025-09-09 00:29:04 | INFO | signal: 20250908 A AAPL @ 241.79 | qty=8 | TP=253.88 SL=235.75
2025-09-09 00:29:04 | INFO | signal: 20250908 A NVDA @ 169.01 | qty=11 | TP=177.46 SL=164.78
2025-09-09 00:29:04 | INFO | signal: 20250908 A TSLA @ 354.77 | qty=5 | TP=372.51 SL=345.9
2025-09-09 00:29:04 | INFO | run_signals: 3 file(s) written (logfile=E:\BOT_WEBULL\data\logs\bot.log)
2025-09-09 00:46:16 | INFO | nightly_screen: start (logfile=E:\BOT_WEBULL\data\logs\bot.log)
2025-09-09 00:46:16 | WARNING | symbols group 'sp500' is empty in configs/symbols.yml
2025-09-09 00:46:16 | INFO | eod config: group=sp500 | symbols_file=configs/symbols.yml | out_dir=data\eod | top_n=20
2025-09-09 00:46:21 | ERROR | polygon: failed AAPL (RetryError[<Future at 0x1d63a185590 state=finished raised UnicodeEncodeError>])
2025-09-09 00:46:26 | ERROR | polygon: failed TSLA (RetryError[<Future at 0x1d63a187690 state=finished raised UnicodeEncodeError>])
2025-09-09 00:46:31 | ERROR | polygon: failed AMD (RetryError[<Future at 0x1d63a186f10 state=finished raised UnicodeEncodeError>])
2025-09-09 00:46:36 | ERROR | polygon: failed NVDA (RetryError[<Future at 0x1d63a192190 state=finished raised UnicodeEncodeError>])
2025-09-09 00:46:36 | WARNING | polygon returned empty dataset; falling back to stub.
2025-09-09 00:46:36 | INFO | eod snapshot saved (stub dataset): data\eod\eod_features_20250908.parquet , data\eod\eod_features_20250908.csv
2025-09-09 00:46:36 | INFO | ranked watchlists written (stub dataset): data\eod\watchlist_A.json , data\eod\watchlist_B.json | group=sp500 | top_n=20 | A=4 B=4
2025-09-09 00:46:37 | INFO | compute_indicators: start (logfile=E:\BOT_WEBULL\data\logs\bot.log)
2025-09-09 00:46:37 | WARNING | bars ndjson not found: E:\data\stream\bars_20250908.ndjson -> fallback to latest: E:\data\stream\bars_20250905.ndjson
2025-09-09 00:46:37 | INFO | reading bars ndjson: E:\data\stream\bars_20250905.ndjson
2025-09-09 00:46:37 | INFO | bars loaded: rows=1295 symbols=4
2025-09-09 00:46:37 | INFO | indicators saved: data\bars\bars_1m_20250905.parquet , data\bars\indicators_20250905.parquet
2025-09-09 00:46:39 | WARNING | inputs not found for today -> fallback to latest: bars_1m_20250905.parquet , indicators_20250905.parquet
2025-09-09 00:46:39 | INFO | signals inputs loaded: rows=1295 symbols=4 (bars='bars_1m_20250905.parquet', ind='indicators_20250905.parquet')
2025-09-09 00:46:39 | INFO | skip duplicate signal: A AAPL
2025-09-09 00:46:39 | INFO | skip duplicate signal: A NVDA
2025-09-09 00:46:39 | INFO | skip duplicate signal: A TSLA
2025-09-09 00:46:39 | INFO | signal: 20250908 A AAPL @ 241.79 | qty=8 | TP=253.88 SL=235.75
2025-09-09 00:46:39 | INFO | signal: 20250908 A NVDA @ 169.01 | qty=11 | TP=177.46 SL=164.78
2025-09-09 00:46:39 | INFO | signal: 20250908 A TSLA @ 354.77 | qty=5 | TP=372.51 SL=345.9
2025-09-09 00:46:39 | INFO | run_signals: 0 file(s) written (logfile=E:\BOT_WEBULL\data\logs\bot.log)
