2025-08-31 21:05:06 | ERROR | polygon: failed AAPL (RetryError[<Future at 0x1f378bcd6d0 state=finished raised UnicodeEncodeError>])
2025-08-31 21:05:12 | ERROR | polygon: failed TSLA (RetryError[<Future at 0x1f378bce310 state=finished raised UnicodeEncodeError>])
2025-08-31 21:05:17 | ERROR | polygon: failed AMD (RetryError[<Future at 0x1f378bd9dd0 state=finished raised UnicodeEncodeError>])
2025-08-31 21:05:23 | ERROR | polygon: failed NVDA (RetryError[<Future at 0x1f378bd8490 state=finished raised UnicodeEncodeError>])
2025-08-31 21:05:23 | WARNING | polygon returned empty dataset; falling back to stub.
2025-08-31 21:05:23 | INFO | eod snapshot saved: data\eod\eod_features_20250831.parquet , data\eod\eod_features_20250831.csv
2025-08-31 21:05:23 | INFO | ranked watchlists written (stub dataset): data\eod\watchlist_A.json , data\eod\watchlist_B.json
2025-08-31 21:20:03 | INFO | compute_indicators: start (logfile=E:\BOT_WEBULL\data\logs\bot.log)
2025-08-31 21:20:03 | WARNING | bars ndjson not found: E:\BOT_WEBULL\data\stream\bars_20250831.ndjson -> fallback to latest: data\stream\bars_20250830.ndjson
2025-08-31 21:20:03 | INFO | reading bars ndjson: data\stream\bars_20250830.ndjson
2025-08-31 21:20:04 | INFO | indicators saved: data\bars\bars_1m_20250831.parquet , data\bars\indicators_20250831.parquet
2025-08-31 22:29:01 | INFO | run_all bootstrap (Phase=session, Py=)
2025-08-31 22:29:02 | INFO | ws_run: using data\eod\watchlist_A.json (4 symbols) for setup=A
2025-08-31 22:29:02 | INFO | STREAM_DIR=E:\BOT_WEBULL\data\stream
2025-08-31 22:29:05 | INFO | ws_run start: feed=iex symbols=['AAPL', 'TSLA', 'AMD', 'NVDA'] run_seconds=90 (logfile=E:\BOT_WEBULL\data\logs\bot.log)
2025-08-31 22:29:05 | WARNING | single-instance guard: lock exists at E:\data\stream\.alpaca_ws.lock; skip connect to avoid 406
2025-08-31 22:29:05 | INFO | ws cancelled after 90 seconds
2025-08-31 22:29:05 | INFO | compute_indicators: start (logfile=E:\BOT_WEBULL\data\logs\bot.log)
2025-08-31 22:29:05 | WARNING | bars ndjson not found: E:\BOT_WEBULL\data\stream\bars_20250831.ndjson -> fallback to latest: data\stream\bars_20250830.ndjson
2025-08-31 22:29:05 | INFO | reading bars ndjson: data\stream\bars_20250830.ndjson
2025-08-31 22:29:06 | INFO | indicators saved: data\bars\bars_1m_20250831.parquet , data\bars\indicators_20250831.parquet
2025-08-31 22:29:11 | INFO | run_signals: 0 file(s) written (logfile=E:\BOT_WEBULL\data\logs\bot.log)
2025-08-31 22:29:11 | INFO | place_orders: no signals (logfile=E:\BOT_WEBULL\data\logs\bot.log)
2025-08-31 23:30:01 | INFO | run_all bootstrap (Phase=cancel, Py=)
2025-08-31 23:30:01 | INFO | cancel_unfilled: 対象なし（logfile=E:\BOT_WEBULL\data\logs\bot.log）
2025-09-01 04:55:01 | INFO | run_all bootstrap (Phase=close, Py=)
2025-09-01 04:55:01 | INFO | force close (paper): no live positions; this is the hook for Webull SDK
2025-09-01 04:55:01 | INFO | close_positions: 強制クローズ処理完了（logfile=E:\BOT_WEBULL\data\logs\bot.log）
2025-09-01 05:10:01 | INFO | run_all bootstrap (Phase=kpi, Py=)
2025-09-01 05:10:02 | INFO | daily_kpi: 20250831 のKPIを更新しました（logfile=E:\BOT_WEBULL\data\logs\bot.log）
2025-09-01 05:10:02 | INFO | daily_kpi: output => data\logs\kpi_daily.csv
2025-09-01 12:28:39 | INFO | compute_indicators: start (logfile=E:\BOT_WEBULL\data\logs\bot.log)
2025-09-01 12:28:39 | WARNING | bars ndjson not found: E:\BOT_WEBULL\data\stream\bars_20250831.ndjson (fallback disabled)
2025-09-01 12:39:42 | INFO | run_all bootstrap (Phase=session, Py=)
2025-09-01 12:39:43 | INFO | ws_run: using data\eod\watchlist_A.json (4 symbols) for setup=A
2025-09-01 12:39:43 | INFO | STREAM_DIR=E:\BOT_WEBULL\data\stream
2025-09-01 12:39:46 | INFO | ws_run start: feed=iex symbols=['AAPL', 'TSLA', 'AMD', 'NVDA'] run_seconds=90 (logfile=E:\BOT_WEBULL\data\logs\bot.log)
2025-09-01 12:39:46 | WARNING | single-instance guard: lock exists at E:\data\stream\.alpaca_ws.lock; skip connect to avoid 406
2025-09-01 12:39:46 | INFO | ws cancelled after 90 seconds
2025-09-01 12:39:47 | INFO | compute_indicators: start (logfile=E:\BOT_WEBULL\data\logs\bot.log)
2025-09-01 12:39:47 | WARNING | bars ndjson not found: E:\BOT_WEBULL\data\stream\bars_20250831.ndjson (fallback disabled)
2025-09-01 12:39:53 | INFO | run_signals: 0 file(s) written (logfile=E:\BOT_WEBULL\data\logs\bot.log)
2025-09-01 12:39:53 | INFO | place_orders: no signals (logfile=E:\BOT_WEBULL\data\logs\bot.log)
2025-09-01 21:05:02 | INFO | run_all bootstrap (Phase=nightly, Py=)
2025-09-01 21:05:05 | INFO | nightly_screen: start (logfile=E:\BOT_WEBULL\data\logs\bot.log)
