2025-09-01 21:05:11 | ERROR | polygon: failed AAPL (RetryError[<Future at 0x238b3c5d850 state=finished raised UnicodeEncodeError>])
2025-09-01 21:05:16 | ERROR | polygon: failed TSLA (RetryError[<Future at 0x238b3c5ff50 state=finished raised UnicodeEncodeError>])
2025-09-01 21:05:22 | ERROR | polygon: failed AMD (RetryError[<Future at 0x238b3c6a010 state=finished raised UnicodeEncodeError>])
2025-09-01 21:05:27 | ERROR | polygon: failed NVDA (RetryError[<Future at 0x238b3c68d50 state=finished raised UnicodeEncodeError>])
2025-09-01 21:05:27 | WARNING | polygon returned empty dataset; falling back to stub.
2025-09-01 21:05:27 | INFO | eod snapshot saved: data\eod\eod_features_20250901.parquet , data\eod\eod_features_20250901.csv
2025-09-01 21:05:27 | INFO | ranked watchlists written (stub dataset): data\eod\watchlist_A.json , data\eod\watchlist_B.json
2025-09-01 22:29:02 | INFO | run_all bootstrap (Phase=session, Py=)
2025-09-01 22:29:03 | INFO | ws_run: using data\eod\watchlist_A.json (4 symbols) for setup=A
2025-09-01 22:29:03 | INFO | STREAM_DIR=E:\BOT_WEBULL\data\stream
2025-09-01 22:29:06 | INFO | ws_run start: feed=iex symbols=['AAPL', 'TSLA', 'AMD', 'NVDA'] run_seconds=90 (logfile=E:\BOT_WEBULL\data\logs\bot.log)
2025-09-01 22:29:06 | WARNING | single-instance guard: lock exists at E:\data\stream\.alpaca_ws.lock; skip connect to avoid 406
2025-09-01 22:29:06 | INFO | ws cancelled after 90 seconds
2025-09-01 22:29:07 | INFO | compute_indicators: start (logfile=E:\BOT_WEBULL\data\logs\bot.log)
2025-09-01 22:29:07 | WARNING | bars ndjson not found: E:\BOT_WEBULL\data\stream\bars_20250901.ndjson (fallback disabled)
2025-09-01 22:29:08 | WARNING | inputs not ready (bars/indicators). compute_indicators を先に実行してください。
2025-09-01 22:29:08 | INFO | place_orders: no signals (logfile=E:\BOT_WEBULL\data\logs\bot.log)
2025-09-01 23:30:02 | INFO | run_all bootstrap (Phase=cancel, Py=)
2025-09-01 23:30:02 | INFO | cancel_unfilled: 対象なし（logfile=E:\BOT_WEBULL\data\logs\bot.log）
2025-09-02 04:55:02 | INFO | run_all bootstrap (Phase=close, Py=)
2025-09-02 04:55:02 | INFO | force close (paper): no live positions; this is the hook for Webull SDK
2025-09-02 04:55:02 | INFO | close_positions: 強制クローズ処理完了（logfile=E:\BOT_WEBULL\data\logs\bot.log）
2025-09-02 05:10:02 | INFO | run_all bootstrap (Phase=kpi, Py=)
2025-09-02 05:10:03 | INFO | daily_kpi: 20250901 のKPIを更新しました（logfile=E:\BOT_WEBULL\data\logs\bot.log）
2025-09-02 05:10:03 | INFO | daily_kpi: output => data\logs\kpi_daily.csv
2025-09-02 05:40:04 | INFO | run_all bootstrap (Phase=session, Py=)
2025-09-02 05:40:05 | INFO | ws_run: using data\eod\watchlist_A.json (4 symbols) for setup=A
2025-09-02 05:40:05 | INFO | STREAM_DIR=E:\BOT_WEBULL\data\stream
2025-09-02 05:40:05 | WARNING | removed legacy ws lock: E:\data\stream\.alpaca_ws.lock
2025-09-02 05:40:05 | INFO | ws_run start: feed=iex symbols=['AAPL', 'TSLA', 'AMD', 'NVDA'] run_seconds=90 (logfile=E:\BOT_WEBULL\data\logs\bot.log)
2025-09-02 05:40:06 | INFO | alpaca auth reply: [{"T":"success","msg":"connected"}]
2025-09-02 05:40:06 | INFO | alpaca auth reply: [{"T":"success","msg":"authenticated"}]
2025-09-02 05:40:06 | INFO | alpaca subscription reply: [{"T":"subscription","bars":["AAPL","AMD","NVDA","TSLA"]}]
2025-09-02 06:11:55 | INFO | run_all bootstrap (Phase=session, Py=)
2025-09-02 06:11:55 | INFO | ws_run: using data\eod\watchlist_A.json (4 symbols) for setup=A
2025-09-02 06:11:55 | INFO | STREAM_DIR=E:\BOT_WEBULL\data\stream
2025-09-02 06:11:55 | INFO | ws lock (expected): E:\BOT_WEBULL\data\stream\.alpaca_ws.lock
2025-09-02 06:11:55 | WARNING | removed legacy ws lock: E:\data\stream\.alpaca_ws.lock
2025-09-02 06:11:55 | INFO | ws_run start: feed=iex symbols=['AAPL', 'TSLA', 'AMD', 'NVDA'] run_seconds=90 (logfile=E:\BOT_WEBULL\data\logs\bot.log)
2025-09-02 06:11:56 | INFO | alpaca auth reply: [{"T":"success","msg":"connected"}]
2025-09-02 06:11:56 | INFO | alpaca auth reply: [{"T":"success","msg":"authenticated"}]
2025-09-02 06:11:56 | INFO | alpaca subscription reply: [{"T":"subscription","bars":["AAPL","AMD","NVDA","TSLA"]}]
2025-09-02 06:41:57 | INFO | compute_indicators: start (logfile=E:\BOT_WEBULL\data\logs\bot.log)
2025-09-02 06:41:57 | WARNING | bars ndjson not found: E:\BOT_WEBULL\data\stream\bars_20250901.ndjson -> fallback to latest: data\stream\bars_20250830.ndjson
2025-09-02 06:41:57 | INFO | reading bars ndjson: data\stream\bars_20250830.ndjson
2025-09-02 06:41:57 | INFO | bars loaded: rows=20 symbols=4
2025-09-02 06:41:57 | INFO | indicators saved: data\bars\bars_1m_20250901.parquet , data\bars\indicators_20250901.parquet
2025-09-02 20:51:51 | INFO | compute_indicators: start (logfile=E:\BOT_WEBULL\data\logs\bot.log)
2025-09-02 20:51:51 | WARNING | bars ndjson not found: E:\BOT_WEBULL\data\stream\bars_20250902.ndjson -> fallback to latest: data\stream\bars_20250830.ndjson
2025-09-02 20:51:51 | INFO | reading bars ndjson: data\stream\bars_20250830.ndjson
2025-09-02 20:51:51 | INFO | bars loaded: rows=20 symbols=4
2025-09-02 20:51:51 | INFO | indicators saved: data\bars\bars_1m_20250830.parquet , data\bars\indicators_20250830.parquet
2025-09-02 21:01:11 | WARNING | inputs not ready (bars/indicators). compute_indicators を先に実行してください。
2025-09-02 21:05:02 | INFO | run_all bootstrap (Phase=nightly, Py=)
2025-09-02 21:05:05 | INFO | nightly_screen: start (logfile=E:\BOT_WEBULL\data\logs\bot.log)
2025-09-02 21:05:10 | ERROR | polygon: failed AAPL (RetryError[<Future at 0x20d1857d710 state=finished raised UnicodeEncodeError>])
