2025-09-11 10:16:20 | WARNING | ws_run: manual watchlist not found: E:\BOT_WEBULL\configs\manual_watchlist.txt
2025-09-11 10:16:20 | INFO | ws_run: using data\eod\watchlist_A.json (4 symbols) for setup=A
2025-09-11 10:16:20 | INFO | ws_run: using symbols decided by _load_session_symbols (4 symbols)
2025-09-11 10:16:20 | INFO | STREAM_DIR=E:\data\stream
2025-09-11 10:16:20 | INFO | ws lock (expected): E:\data\stream\.alpaca_ws.lock
2025-09-11 10:16:22 | INFO | ws_run start: feed=iex symbols=['AAPL', 'TSLA', 'AMD', 'NVDA'] run_seconds=120 (logfile=E:\BOT_WEBULL\data\logs\bot.log)
2025-09-11 10:16:22 | WARNING | single-instance guard: lock exists at E:\data\stream\.alpaca_ws.lock; skip connect to avoid 406
2025-09-11 10:16:22 | INFO | ws cancelled after 120 seconds
2025-09-11 10:16:23 | INFO | compute_indicators: start (logfile=E:\BOT_WEBULL\data\logs\bot.log)
2025-09-11 10:16:23 | WARNING | bars ndjson not found: E:\data\stream\bars_20250910.ndjson -> fallback to latest: E:\data\stream\bars_20250909.ndjson
2025-09-11 10:16:23 | INFO | reading bars ndjson: E:\data\stream\bars_20250909.ndjson
2025-09-11 10:16:23 | INFO | bars loaded: rows=168 symbols=4
2025-09-11 10:16:24 | INFO | indicators saved: data\bars\bars_1m_20250909.parquet , data\bars\indicators_20250909.parquet
2025-09-11 10:16:25 | WARNING | inputs not found for today -> fallback to latest: bars_1m_20250909.parquet , indicators_20250909.parquet
2025-09-11 10:16:27 | INFO | signals inputs loaded: rows=168 symbols=4 (bars='bars_1m_20250909.parquet', ind='indicators_20250909.parquet')
2025-09-11 10:16:27 | INFO | run_signals: 0 file(s) written (logfile=E:\BOT_WEBULL\data\logs\bot.log)
2025-09-11 10:31:44 | INFO | nightly_screen: start (logfile=E:\BOT_WEBULL\data\logs\bot.log)
2025-09-11 10:31:44 | INFO | eod config: group=quick_test | symbols_file=configs/symbols.yml | out_dir=data\eod | top_n=30
2025-09-11 10:31:49 | ERROR | polygon: failed AAPL (RetryError[<Future at 0x259d1228310 state=finished raised UnicodeEncodeError>])
2025-09-11 10:31:54 | ERROR | polygon: failed TSLA (RetryError[<Future at 0x259d122b050 state=finished raised UnicodeEncodeError>])
2025-09-11 10:31:59 | ERROR | polygon: failed AMD (RetryError[<Future at 0x259d122a5d0 state=finished raised UnicodeEncodeError>])
2025-09-11 10:32:04 | ERROR | polygon: failed NVDA (RetryError[<Future at 0x259d1231e90 state=finished raised UnicodeEncodeError>])
2025-09-11 10:32:04 | WARNING | polygon returned empty dataset; falling back to stub.
2025-09-11 10:32:04 | INFO | eod snapshot saved (stub dataset): data\eod\eod_features_20250910.parquet , data\eod\eod_features_20250910.csv
2025-09-11 10:32:04 | INFO | ranked watchlists written (stub dataset): data\eod\watchlist_A.json , data\eod\watchlist_B.json | group=quick_test | top_n=30 | A=4 B=4
2025-09-11 10:32:06 | INFO | compute_indicators: start (logfile=E:\BOT_WEBULL\data\logs\bot.log)
2025-09-11 10:32:06 | WARNING | bars ndjson not found: E:\data\stream\bars_20250910.ndjson -> fallback to latest: E:\data\stream\bars_20250909.ndjson
2025-09-11 10:32:06 | INFO | reading bars ndjson: E:\data\stream\bars_20250909.ndjson
2025-09-11 10:32:06 | INFO | bars loaded: rows=168 symbols=4
2025-09-11 10:32:06 | INFO | indicators saved: data\bars\bars_1m_20250909.parquet , data\bars\indicators_20250909.parquet
2025-09-11 10:32:07 | WARNING | inputs not found for today -> fallback to latest: bars_1m_20250909.parquet , indicators_20250909.parquet
2025-09-11 10:32:07 | INFO | signals inputs loaded: rows=168 symbols=4 (bars='bars_1m_20250909.parquet', ind='indicators_20250909.parquet')
2025-09-11 10:32:07 | INFO | run_signals: 0 file(s) written (logfile=E:\BOT_WEBULL\data\logs\bot.log)
2025-09-11 11:10:15 | INFO | ws_run: using data\eod\watchlist_A.json (8 symbols) for setup=A
2025-09-11 11:10:15 | INFO | ws_run: using symbols decided by _load_session_symbols (8 symbols)
2025-09-11 11:10:15 | INFO | STREAM_DIR=E:\data\stream
2025-09-11 11:10:15 | INFO | ws lock (expected): E:\data\stream\.alpaca_ws.lock
2025-09-11 11:10:16 | INFO | ws_run start: feed=iex symbols=['AAPL', 'MSFT', 'NVDA', 'META', 'NFLX', 'AVGO', 'AMZN', 'GOOGL'] run_seconds=120 (logfile=E:\BOT_WEBULL\data\logs\bot.log)
2025-09-11 11:10:17 | INFO | alpaca auth reply: [{"T":"success","msg":"connected"}]
2025-09-11 11:10:17 | INFO | alpaca auth reply: [{"T":"success","msg":"authenticated"}]
2025-09-11 11:10:17 | INFO | alpaca subscription reply: [{"T":"subscription","bars":["AAPL","AMZN","AVGO","GOOGL","META","MSFT","NFLX","NVDA"]}]
2025-09-11 11:26:41 | INFO | nightly_screen: start (logfile=E:\BOT_WEBULL\data\logs\bot.log)
2025-09-11 11:26:41 | INFO | eod config: group=quick_test | symbols_file=configs/symbols.yml | out_dir=data\eod | top_n=30
2025-09-11 11:26:46 | ERROR | polygon: failed AAPL (RetryError[<Future at 0x22bce878690 state=finished raised UnicodeEncodeError>])
2025-09-11 11:26:51 | ERROR | polygon: failed TSLA (RetryError[<Future at 0x22bce87bb10 state=finished raised UnicodeEncodeError>])
2025-09-11 11:26:56 | ERROR | polygon: failed AMD (RetryError[<Future at 0x22bce4d8890 state=finished raised UnicodeEncodeError>])
2025-09-11 11:27:01 | ERROR | polygon: failed NVDA (RetryError[<Future at 0x22bce882550 state=finished raised UnicodeEncodeError>])
2025-09-11 11:27:01 | WARNING | polygon returned empty dataset; falling back to stub.
2025-09-11 11:27:01 | INFO | eod snapshot saved (stub dataset): data\eod\eod_features_20250910.parquet , data\eod\eod_features_20250910.csv
2025-09-11 11:27:01 | INFO | ranked watchlists written (stub dataset): data\eod\watchlist_A.json , data\eod\watchlist_B.json | group=quick_test | top_n=30 | A=4 B=4
2025-09-11 11:27:02 | WARNING | ws_run: manual watchlist not found: E:\BOT_WEBULL\configs\manual_watchlist.txt
2025-09-11 11:27:02 | INFO | ws_run: using data\eod\watchlist_A.json (8 symbols) for setup=A
2025-09-11 11:27:02 | INFO | ws_run: using symbols decided by _load_session_symbols (8 symbols)
2025-09-11 11:27:02 | INFO | STREAM_DIR=E:\data\stream
2025-09-11 11:27:02 | INFO | ws lock (expected): E:\data\stream\.alpaca_ws.lock
2025-09-11 11:27:03 | INFO | ws_run start: feed=iex symbols=['AAPL', 'MSFT', 'NVDA', 'META', 'NFLX', 'AVGO', 'AMZN', 'GOOGL'] run_seconds=120 (logfile=E:\BOT_WEBULL\data\logs\bot.log)
2025-09-11 11:27:03 | INFO | alpaca auth reply: [{"T":"success","msg":"connected"}]
2025-09-11 11:27:04 | INFO | alpaca auth reply: [{"T":"success","msg":"authenticated"}]
2025-09-11 11:27:04 | INFO | alpaca subscription reply: [{"T":"subscription","bars":["AAPL","AMZN","AVGO","GOOGL","META","MSFT","NFLX","NVDA"]}]
